#Timing report of worst 2 path(s)
# Unit scale: 1e-09 seconds
# Output precision: 3

#Path 1
Startpoint: Y.inpad[0] (.input clocked by virtual_io_clock)
Endpoint  : out:B.outpad[0] (.output clocked by virtual_io_clock)
Path Type : setup

Point                                                                 Incr      Path
------------------------------------------------------------------------------------
clock virtual_io_clock (rise edge)                                   0.000     0.000
clock source latency                                                 0.000     0.000
input external delay                                                 0.000     0.000
Y.inpad[0] (.input)                                                  0.000     0.000
$iopadmap$boolean.Y.I_PAD_$inp[0] (BIDIR_CELL)                       0.000     0.000
$iopadmap$boolean.Y.I_DAT[0] (BIDIR_CELL)                           10.958    10.958
B_LUT3_O.t_frag.XSL[0] (T_FRAG)                                      6.233    17.191
B_LUT3_O.t_frag.XZ[0] (T_FRAG)                                       1.406    18.597
$iopadmap$boolean.B.O_DAT[0] (BIDIR_CELL)                            8.132    26.729
$iopadmap$boolean.B.O_PAD_$out[0] (BIDIR_CELL)                       9.809    36.538
out:B.outpad[0] (.output)                                            0.000    36.538
data arrival time                                                             36.538

clock virtual_io_clock (rise edge)                                   0.000     0.000
clock source latency                                                 0.000     0.000
clock uncertainty                                                    0.000     0.000
output external delay                                                0.000     0.000
data required time                                                             0.000
------------------------------------------------------------------------------------
data required time                                                             0.000
data arrival time                                                            -36.538
------------------------------------------------------------------------------------
slack (VIOLATED)                                                             -36.538


#Path 2
Startpoint: Y.inpad[0] (.input clocked by virtual_io_clock)
Endpoint  : out:A.outpad[0] (.output clocked by virtual_io_clock)
Path Type : setup

Point                                                                 Incr      Path
------------------------------------------------------------------------------------
clock virtual_io_clock (rise edge)                                   0.000     0.000
clock source latency                                                 0.000     0.000
input external delay                                                 0.000     0.000
Y.inpad[0] (.input)                                                  0.000     0.000
$iopadmap$boolean.Y.I_PAD_$inp[0] (BIDIR_CELL)                       0.000     0.000
$iopadmap$boolean.Y.I_DAT[0] (BIDIR_CELL)                           10.958    10.958
A_LUT3_O.t_frag.XSL[0] (T_FRAG)                                      6.347    17.305
A_LUT3_O.t_frag.XZ[0] (T_FRAG)                                       1.462    18.767
$iopadmap$boolean.A.O_DAT[0] (BIDIR_CELL)                            6.302    25.069
$iopadmap$boolean.A.O_PAD_$out[0] (BIDIR_CELL)                       9.809    34.878
out:A.outpad[0] (.output)                                            0.000    34.878
data arrival time                                                             34.878

clock virtual_io_clock (rise edge)                                   0.000     0.000
clock source latency                                                 0.000     0.000
clock uncertainty                                                    0.000     0.000
output external delay                                                0.000     0.000
data required time                                                             0.000
------------------------------------------------------------------------------------
data required time                                                             0.000
data arrival time                                                            -34.878
------------------------------------------------------------------------------------
slack (VIOLATED)                                                             -34.878


#End of timing report
