#Timing report of worst 2 path(s)
# Unit scale: 1e-09 seconds
# Output precision: 3

#Path 1
Startpoint: X.inpad[0] (.input clocked by virtual_io_clock)
Endpoint  : out:A.outpad[0] (.output clocked by virtual_io_clock)
Path Type : hold

Point                                                                 Incr      Path
------------------------------------------------------------------------------------
clock virtual_io_clock (rise edge)                                   0.000     0.000
clock source latency                                                 0.000     0.000
input external delay                                                 0.000     0.000
X.inpad[0] (.input)                                                  0.000     0.000
$iopadmap$boolean.X.I_PAD_$inp[0] (BIDIR_CELL)                       0.000     0.000
$iopadmap$boolean.X.I_DAT[0] (BIDIR_CELL)                           10.153    10.153
A_LUT3_O.t_frag.XB2[0] (T_FRAG)                                      5.281    15.434
A_LUT3_O.t_frag.XZ[0] (T_FRAG)                                       1.378    16.813
$iopadmap$boolean.A.O_DAT[0] (BIDIR_CELL)                            6.302    23.114
$iopadmap$boolean.A.O_PAD_$out[0] (BIDIR_CELL)                       9.726    32.840
out:A.outpad[0] (.output)                                            0.000    32.840
data arrival time                                                             32.840

clock virtual_io_clock (rise edge)                                   0.000     0.000
clock source latency                                                 0.000     0.000
clock uncertainty                                                    0.000     0.000
output external delay                                                0.000     0.000
data required time                                                             0.000
------------------------------------------------------------------------------------
data required time                                                            -0.000
data arrival time                                                             32.840
------------------------------------------------------------------------------------
slack (MET)                                                                   32.840


#Path 2
Startpoint: Z.inpad[0] (.input clocked by virtual_io_clock)
Endpoint  : out:B.outpad[0] (.output clocked by virtual_io_clock)
Path Type : hold

Point                                                                 Incr      Path
------------------------------------------------------------------------------------
clock virtual_io_clock (rise edge)                                   0.000     0.000
clock source latency                                                 0.000     0.000
input external delay                                                 0.000     0.000
Z.inpad[0] (.input)                                                  0.000     0.000
$iopadmap$boolean.Z.I_PAD_$inp[0] (BIDIR_CELL)                       0.000     0.000
$iopadmap$boolean.Z.I_DAT[0] (BIDIR_CELL)                           10.153    10.153
B_LUT3_O.t_frag.XAB[0] (T_FRAG)                                      5.592    15.745
B_LUT3_O.t_frag.XZ[0] (T_FRAG)                                       0.852    16.597
$iopadmap$boolean.B.O_DAT[0] (BIDIR_CELL)                            8.132    24.729
$iopadmap$boolean.B.O_PAD_$out[0] (BIDIR_CELL)                       9.726    34.455
out:B.outpad[0] (.output)                                            0.000    34.455
data arrival time                                                             34.455

clock virtual_io_clock (rise edge)                                   0.000     0.000
clock source latency                                                 0.000     0.000
clock uncertainty                                                    0.000     0.000
output external delay                                                0.000     0.000
data required time                                                             0.000
------------------------------------------------------------------------------------
data required time                                                            -0.000
data arrival time                                                             34.455
------------------------------------------------------------------------------------
slack (MET)                                                                   34.455


#End of timing report
